============================= test session starts =============================
platform win32 -- Python 3.11.9, pytest-7.4.3, pluggy-1.6.0
rootdir: C:\Users\mohit\Desktop\Projects\payment-idempotency-proxy
plugins: anyio-3.7.1, asyncio-0.21.1, cov-4.1.0
asyncio: mode=Mode.STRICT
collected 25 items

tests\test_api.py ....                                                   [ 16%]
tests\test_idempotency.py .....................                          [100%]

---------- coverage: platform win32, python 3.11.9-final-0 -----------
Name                 Stmts   Miss  Cover
----------------------------------------
app\__init__.py          0      0   100%
app\database.py         64      7    89%
app\idempotency.py     105     20    81%
app\locks.py            52     12    77%
app\main.py            142     34    76%
app\metrics.py          92     28    70%
app\schemas.py          32      1    97%
----------------------------------------
TOTAL                  487    102    79%


============================= 25 passed in 10.33s =============================
